<?xml version="1.0" encoding="UTF-8"?>
<testsuite xmlns:xsi="http://www.w3.org/2001/XMLSchema-instance" xsi:noNamespaceSchemaLocation="https://maven.apache.org/surefire/maven-surefire-plugin/xsd/surefire-test-report.xsd" name="PostControllerTest" time="4.369" tests="8" errors="0" skipped="0" failures="0">
  <properties>
[...]
</properties>
  <testcase name="shouldCreateNewUser" classname="PostControllerTest" time="0.12"/>
  <testcase name="getInvalidPage" classname="PostControllerTest" time="0.01"/>
  <testcase name="shouldLogin" classname="PostControllerTest" time="0.314"/>
  <testcase name="testLikeGet" classname="PostControllerTest" time="0.26"/>
  <testcase name="shouldCreatePost" classname="PostControllerTest" time="0.204"/>
  <testcase name="getUserPosts" classname="PostControllerTest" time="0.389"/>
  <testcase name="testFriendGetall" classname="PostControllerTest" time="0.16"/>
  <testcase name="shouldCreateComment" classname="PostControllerTest" time="0.081"/>
</testsuite>